[INFO] Scanning for projects...
[INFO] 
[INFO] ---------------------< com.miltonbass:sgi-backend >---------------------
[INFO] Building sgi-backend 0.0.1-SNAPSHOT
[INFO]   from pom.xml
[INFO] --------------------------------[ jar ]---------------------------------
[INFO] 
[INFO] >>> spring-boot:3.5.14:run (default-cli) > test-compile @ sgi-backend >>>
[INFO] 
[INFO] --- resources:3.3.1:resources (default-resources) @ sgi-backend ---
[INFO] Copying 3 resources from src\main\resources to target\classes
[INFO] Copying 12 resources from src\main\resources to target\classes
[INFO] 
[INFO] --- compiler:3.14.1:compile (default-compile) @ sgi-backend ---
[INFO] Nothing to compile - all classes are up to date.
[INFO] 
[INFO] --- resources:3.3.1:testResources (default-testResources) @ sgi-backend ---
[INFO] skip non existing resourceDirectory C:\proyectos\sgi-backend\src\test\resources
[INFO] 
[INFO] --- compiler:3.14.1:testCompile (default-testCompile) @ sgi-backend ---
[INFO] Nothing to compile - all classes are up to date.
[INFO] 
[INFO] <<< spring-boot:3.5.14:run (default-cli) < test-compile @ sgi-backend <<<
[INFO] 
[INFO] 
[INFO] --- spring-boot:3.5.14:run (default-cli) @ sgi-backend ---
[INFO] Attaching agents: []

  .   ____          _            __ _ _
 /\\ / ___'_ __ _ _(_)_ __  __ _ \ \ \ \
( ( )\___ | '_ | '_| | '_ \/ _` | \ \ \ \
 \\/  ___)| |_)| | | | | || (_| |  ) ) ) )
  '  |____| .__|_| |_|_| |_\__, | / / / /
 =========|_|==============|___/=/_/_/_/

 :: Spring Boot ::               (v3.5.14)

2026-04-29T07:11:44.633-05:00  INFO 65328 --- [sgi-backend] [  restartedMain] c.m.sgi_backend.SgiBackendApplication    : Starting SgiBackendApplication using Java 21.0.10 with PID 65328 (C:\proyectos\sgi-backend\target\classes started by milto in C:\proyectos\sgi-backend)
2026-04-29T07:11:44.635-05:00 DEBUG 65328 --- [sgi-backend] [  restartedMain] c.m.sgi_backend.SgiBackendApplication    : Running with Spring Boot v3.5.14, Spring v6.2.18
2026-04-29T07:11:44.635-05:00  INFO 65328 --- [sgi-backend] [  restartedMain] c.m.sgi_backend.SgiBackendApplication    : The following 1 profile is active: "dev"
2026-04-29T07:11:45.039-05:00  INFO 65328 --- [sgi-backend] [  restartedMain] .e.DevToolsPropertyDefaultsPostProcessor : Devtools property defaults active! Set 'spring.devtools.add-properties' to 'false' to disable
2026-04-29T07:11:45.039-05:00  INFO 65328 --- [sgi-backend] [  restartedMain] .e.DevToolsPropertyDefaultsPostProcessor : For additional web related logging consider setting the 'logging.level.web' property to 'DEBUG'
2026-04-29T07:11:46.055-05:00  INFO 65328 --- [sgi-backend] [  restartedMain] .s.d.r.c.RepositoryConfigurationDelegate : Multiple Spring Data modules found, entering strict repository configuration mode
2026-04-29T07:11:46.056-05:00  INFO 65328 --- [sgi-backend] [  restartedMain] .s.d.r.c.RepositoryConfigurationDelegate : Bootstrapping Spring Data JPA repositories in DEFAULT mode.
2026-04-29T07:11:46.270-05:00  INFO 65328 --- [sgi-backend] [  restartedMain] .s.d.r.c.RepositoryConfigurationDelegate : Finished Spring Data repository scanning in 203 ms. Found 5 JPA repository interfaces.
2026-04-29T07:11:46.292-05:00  INFO 65328 --- [sgi-backend] [  restartedMain] .s.d.r.c.RepositoryConfigurationDelegate : Multiple Spring Data modules found, entering strict repository configuration mode
2026-04-29T07:11:46.294-05:00  INFO 65328 --- [sgi-backend] [  restartedMain] .s.d.r.c.RepositoryConfigurationDelegate : Bootstrapping Spring Data Redis repositories in DEFAULT mode.
2026-04-29T07:11:46.315-05:00  INFO 65328 --- [sgi-backend] [  restartedMain] .RepositoryConfigurationExtensionSupport : Spring Data Redis - Could not safely identify store assignment for repository candidate interface com.miltonbass.sgi_backend.auth.repository.RefreshTokenRepository; If you want this repository to be a Redis repository, consider annotating your entities with one of these annotations: org.springframework.data.redis.core.RedisHash (preferred), or consider extending one of the following types with your repository: org.springframework.data.keyvalue.repository.KeyValueRepository
2026-04-29T07:11:46.316-05:00  INFO 65328 --- [sgi-backend] [  restartedMain] .RepositoryConfigurationExtensionSupport : Spring Data Redis - Could not safely identify store assignment for repository candidate interface com.miltonbass.sgi_backend.auth.repository.SedeRepository; If you want this repository to be a Redis repository, consider annotating your entities with one of these annotations: org.springframework.data.redis.core.RedisHash (preferred), or consider extending one of the following types with your repository: org.springframework.data.keyvalue.repository.KeyValueRepository
2026-04-29T07:11:46.316-05:00  INFO 65328 --- [sgi-backend] [  restartedMain] .RepositoryConfigurationExtensionSupport : Spring Data Redis - Could not safely identify store assignment for repository candidate interface com.miltonbass.sgi_backend.auth.repository.UsuarioSedeRepository; If you want this repository to be a Redis repository, consider annotating your entities with one of these annotations: org.springframework.data.redis.core.RedisHash (preferred), or consider extending one of the following types with your repository: org.springframework.data.keyvalue.repository.KeyValueRepository
2026-04-29T07:11:46.316-05:00  INFO 65328 --- [sgi-backend] [  restartedMain] .RepositoryConfigurationExtensionSupport : Spring Data Redis - Could not safely identify store assignment for repository candidate interface com.miltonbass.sgi_backend.auth.repository.UsuarioSistemaRepository; If you want this repository to be a Redis repository, consider annotating your entities with one of these annotations: org.springframework.data.redis.core.RedisHash (preferred), or consider extending one of the following types with your repository: org.springframework.data.keyvalue.repository.KeyValueRepository
2026-04-29T07:11:46.316-05:00  INFO 65328 --- [sgi-backend] [  restartedMain] .RepositoryConfigurationExtensionSupport : Spring Data Redis - Could not safely identify store assignment for repository candidate interface com.miltonbass.sgi_backend.miembros.repository.MiembroRepository; If you want this repository to be a Redis repository, consider annotating your entities with one of these annotations: org.springframework.data.redis.core.RedisHash (preferred), or consider extending one of the following types with your repository: org.springframework.data.keyvalue.repository.KeyValueRepository
2026-04-29T07:11:46.316-05:00  INFO 65328 --- [sgi-backend] [  restartedMain] .s.d.r.c.RepositoryConfigurationDelegate : Finished Spring Data repository scanning in 10 ms. Found 0 Redis repository interfaces.
2026-04-29T07:11:47.353-05:00  INFO 65328 --- [sgi-backend] [  restartedMain] o.s.b.w.embedded.tomcat.TomcatWebServer  : Tomcat initialized with port 8080 (http)
2026-04-29T07:11:47.378-05:00  INFO 65328 --- [sgi-backend] [  restartedMain] o.apache.catalina.core.StandardService   : Starting service [Tomcat]
2026-04-29T07:11:47.379-05:00  INFO 65328 --- [sgi-backend] [  restartedMain] o.apache.catalina.core.StandardEngine    : Starting Servlet engine: [Apache Tomcat/10.1.54]
2026-04-29T07:11:47.438-05:00  INFO 65328 --- [sgi-backend] [  restartedMain] o.a.c.c.C.[Tomcat].[localhost].[/]       : Initializing Spring embedded WebApplicationContext
2026-04-29T07:11:47.439-05:00  INFO 65328 --- [sgi-backend] [  restartedMain] w.s.c.ServletWebServerApplicationContext : Root WebApplicationContext: initialization completed in 2398 ms
2026-04-29T07:11:47.526-05:00 DEBUG 65328 --- [sgi-backend] [  restartedMain] c.m.sgi_backend.security.JwtAuthFilter   : Filter 'jwtAuthFilter' configured for use
2026-04-29T07:11:47.760-05:00  INFO 65328 --- [sgi-backend] [  restartedMain] com.zaxxer.hikari.HikariDataSource       : SGI-Dev-Pool - Starting...
2026-04-29T07:11:47.971-05:00  INFO 65328 --- [sgi-backend] [  restartedMain] com.zaxxer.hikari.pool.HikariPool        : SGI-Dev-Pool - Added connection org.postgresql.jdbc.PgConnection@43da1138
2026-04-29T07:11:47.972-05:00  INFO 65328 --- [sgi-backend] [  restartedMain] com.zaxxer.hikari.HikariDataSource       : SGI-Dev-Pool - Start completed.
2026-04-29T07:11:48.001-05:00  INFO 65328 --- [sgi-backend] [  restartedMain] org.flywaydb.core.FlywayExecutor         : Database: jdbc:postgresql://localhost:5432/sgi_system (PostgreSQL 15.16)
2026-04-29T07:11:48.165-05:00  INFO 65328 --- [sgi-backend] [  restartedMain] o.f.core.internal.command.DbMigrate      : Current version of schema "public": 10
2026-04-29T07:11:48.172-05:00  INFO 65328 --- [sgi-backend] [  restartedMain] o.f.core.internal.command.DbMigrate      : Schema "public" is up to date. No migration necessary.
2026-04-29T07:11:48.369-05:00  INFO 65328 --- [sgi-backend] [  restartedMain] o.hibernate.jpa.internal.util.LogHelper  : HHH000204: Processing PersistenceUnitInfo [name: default]
2026-04-29T07:11:48.541-05:00  INFO 65328 --- [sgi-backend] [  restartedMain] org.hibernate.Version                    : HHH000412: Hibernate ORM core version 6.6.49.Final
2026-04-29T07:11:48.599-05:00  INFO 65328 --- [sgi-backend] [  restartedMain] o.h.c.internal.RegionFactoryInitiator    : HHH000026: Second-level cache disabled
2026-04-29T07:11:49.108-05:00  INFO 65328 --- [sgi-backend] [  restartedMain] o.s.o.j.p.SpringPersistenceUnitInfo      : No LoadTimeWeaver setup: ignoring JPA class transformer
2026-04-29T07:11:49.241-05:00  INFO 65328 --- [sgi-backend] [  restartedMain] org.hibernate.orm.connections.pooling    : HHH10001005: Database info:
	Database JDBC URL [undefined/unknown]
	Database driver: undefined/unknown
	Database version: 15.16
	Autocommit mode: undefined/unknown
	Isolation level: undefined/unknown
	Minimum pool size: undefined/unknown
	Maximum pool size: undefined/unknown
2026-04-29T07:11:50.595-05:00  INFO 65328 --- [sgi-backend] [  restartedMain] o.h.e.t.j.p.i.JtaPlatformInitiator       : HHH000489: No JTA platform available (set 'hibernate.transaction.jta.platform' to enable JTA platform integration)
2026-04-29T07:11:50.599-05:00  INFO 65328 --- [sgi-backend] [  restartedMain] j.LocalContainerEntityManagerFactoryBean : Initialized JPA EntityManagerFactory for persistence unit 'default'
2026-04-29T07:11:51.007-05:00  INFO 65328 --- [sgi-backend] [  restartedMain] o.s.d.j.r.query.QueryEnhancerFactory     : Hibernate is in classpath; If applicable, HQL parser will be used.
2026-04-29T07:11:54.809-05:00  WARN 65328 --- [sgi-backend] [  restartedMain] .s.s.UserDetailsServiceAutoConfiguration : 

Using generated security password: 1f47adad-b701-45fb-ac38-b71fbc4f51d7

This generated password is for development use only. Your security configuration must be updated before running your application in production.

2026-04-29T07:11:54.919-05:00  INFO 65328 --- [sgi-backend] [  restartedMain] r$InitializeUserDetailsManagerConfigurer : Global AuthenticationManager configured with UserDetailsService bean with name inMemoryUserDetailsManager
2026-04-29T07:11:59.310-05:00  INFO 65328 --- [sgi-backend] [  restartedMain] o.s.b.d.a.OptionalLiveReloadServer       : LiveReload server is running on port 35729
2026-04-29T07:11:59.345-05:00  INFO 65328 --- [sgi-backend] [  restartedMain] o.s.b.w.embedded.tomcat.TomcatWebServer  : Tomcat started on port 8080 (http) with context path '/'
2026-04-29T07:11:59.357-05:00  INFO 65328 --- [sgi-backend] [  restartedMain] c.m.sgi_backend.SgiBackendApplication    : Started SgiBackendApplication in 20.945 seconds (process running for 21.388)
2026-04-29T07:12:13.931-05:00  INFO 65328 --- [sgi-backend] [nio-8080-exec-1] o.a.c.c.C.[Tomcat].[localhost].[/]       : Initializing Spring DispatcherServlet 'dispatcherServlet'
2026-04-29T07:12:13.931-05:00  INFO 65328 --- [sgi-backend] [nio-8080-exec-1] o.s.web.servlet.DispatcherServlet        : Initializing Servlet 'dispatcherServlet'
2026-04-29T07:12:13.934-05:00  INFO 65328 --- [sgi-backend] [nio-8080-exec-1] o.s.web.servlet.DispatcherServlet        : Completed initialization in 2 ms
2026-04-29T07:15:04.922-05:00 DEBUG 65328 --- [sgi-backend] [nio-8080-exec-6] org.hibernate.SQL                        : 
    select
        us1_0.id,
        us1_0.activo,
        us1_0.updated_at,
        us1_0.apellido,
        us1_0.bloqueado_hasta,
        us1_0.created_at,
        us1_0.debe_cambiar_password,
        us1_0.email,
        us1_0.intentos_fallidos,
        us1_0.nombre,
        us1_0.password_hash,
        us1_0.super_admin,
        us1_0.telefono,
        us1_0.token_reset_expira,
        us1_0.token_reset_password,
        us1_0.ultimo_login,
        us1_0.username 
    from
        shared.usuarios_sistema us1_0 
    where
        upper(us1_0.email)=upper(?)
Hibernate: 
    select
        us1_0.id,
        us1_0.activo,
        us1_0.updated_at,
        us1_0.apellido,
        us1_0.bloqueado_hasta,
        us1_0.created_at,
        us1_0.debe_cambiar_password,
        us1_0.email,
        us1_0.intentos_fallidos,
        us1_0.nombre,
        us1_0.password_hash,
        us1_0.super_admin,
        us1_0.telefono,
        us1_0.token_reset_expira,
        us1_0.token_reset_password,
        us1_0.ultimo_login,
        us1_0.username 
    from
        shared.usuarios_sistema us1_0 
    where
        upper(us1_0.email)=upper(?)
2026-04-29T07:15:04.989-05:00  WARN 65328 --- [sgi-backend] [nio-8080-exec-6] .m.m.a.ExceptionHandlerExceptionResolver : Resolved [com.miltonbass.sgi_backend.exception.AuthException: Email o contraseña incorrectos]
2026-04-29T07:15:51.971-05:00 DEBUG 65328 --- [sgi-backend] [nio-8080-exec-8] org.hibernate.SQL                        : 
    select
        us1_0.id,
        us1_0.activo,
        us1_0.updated_at,
        us1_0.apellido,
        us1_0.bloqueado_hasta,
        us1_0.created_at,
        us1_0.debe_cambiar_password,
        us1_0.email,
        us1_0.intentos_fallidos,
        us1_0.nombre,
        us1_0.password_hash,
        us1_0.super_admin,
        us1_0.telefono,
        us1_0.token_reset_expira,
        us1_0.token_reset_password,
        us1_0.ultimo_login,
        us1_0.username 
    from
        shared.usuarios_sistema us1_0 
    where
        upper(us1_0.email)=upper(?)
Hibernate: 
    select
        us1_0.id,
        us1_0.activo,
        us1_0.updated_at,
        us1_0.apellido,
        us1_0.bloqueado_hasta,
        us1_0.created_at,
        us1_0.debe_cambiar_password,
        us1_0.email,
        us1_0.intentos_fallidos,
        us1_0.nombre,
        us1_0.password_hash,
        us1_0.super_admin,
        us1_0.telefono,
        us1_0.token_reset_expira,
        us1_0.token_reset_password,
        us1_0.ultimo_login,
        us1_0.username 
    from
        shared.usuarios_sistema us1_0 
    where
        upper(us1_0.email)=upper(?)
2026-04-29T07:15:52.311-05:00 DEBUG 65328 --- [sgi-backend] [nio-8080-exec-8] org.hibernate.SQL                        : 
    update
        shared.usuarios_sistema us1_0 
    set
        intentos_fallidos=0,
        bloqueado_hasta=null,
        ultimo_login=? 
    where
        us1_0.id=?
Hibernate: 
    update
        shared.usuarios_sistema us1_0 
    set
        intentos_fallidos=0,
        bloqueado_hasta=null,
        ultimo_login=? 
    where
        us1_0.id=?
2026-04-29T07:15:52.378-05:00 DEBUG 65328 --- [sgi-backend] [nio-8080-exec-8] org.hibernate.SQL                        : 
    select
        us1_0.id,
        us1_0.activo,
        us1_0.roles,
        us1_0.sede_id,
        us1_0.usuario_id 
    from
        shared.usuarios_sedes us1_0 
    where
        us1_0.usuario_id=? 
        and us1_0.activo
Hibernate: 
    select
        us1_0.id,
        us1_0.activo,
        us1_0.roles,
        us1_0.sede_id,
        us1_0.usuario_id 
    from
        shared.usuarios_sedes us1_0 
    where
        us1_0.usuario_id=? 
        and us1_0.activo
2026-04-29T07:15:52.389-05:00 DEBUG 65328 --- [sgi-backend] [nio-8080-exec-8] org.hibernate.SQL                        : 
    select
        s1_0.id,
        s1_0.activa,
        s1_0.updated_at,
        s1_0.ciudad,
        s1_0.codigo,
        s1_0.config,
        s1_0.created_at,
        s1_0.deleted_at,
        s1_0.departamento,
        s1_0.descripcion,
        s1_0.direccion,
        s1_0.email,
        s1_0.fecha_fundacion,
        s1_0.logo_url,
        s1_0.nombre,
        s1_0.pais,
        s1_0.schema_name,
        s1_0.telefono,
        s1_0.zona_horaria 
    from
        shared.sedes s1_0 
    where
        s1_0.id=? 
        and s1_0.activa
Hibernate: 
    select
        s1_0.id,
        s1_0.activa,
        s1_0.updated_at,
        s1_0.ciudad,
        s1_0.codigo,
        s1_0.config,
        s1_0.created_at,
        s1_0.deleted_at,
        s1_0.departamento,
        s1_0.descripcion,
        s1_0.direccion,
        s1_0.email,
        s1_0.fecha_fundacion,
        s1_0.logo_url,
        s1_0.nombre,
        s1_0.pais,
        s1_0.schema_name,
        s1_0.telefono,
        s1_0.zona_horaria 
    from
        shared.sedes s1_0 
    where
        s1_0.id=? 
        and s1_0.activa
2026-04-29T07:15:52.410-05:00 DEBUG 65328 --- [sgi-backend] [nio-8080-exec-8] org.hibernate.SQL                        : 
    select
        s1_0.id,
        s1_0.activa,
        s1_0.updated_at,
        s1_0.ciudad,
        s1_0.codigo,
        s1_0.config,
        s1_0.created_at,
        s1_0.deleted_at,
        s1_0.departamento,
        s1_0.descripcion,
        s1_0.direccion,
        s1_0.email,
        s1_0.fecha_fundacion,
        s1_0.logo_url,
        s1_0.nombre,
        s1_0.pais,
        s1_0.schema_name,
        s1_0.telefono,
        s1_0.zona_horaria 
    from
        shared.sedes s1_0 
    where
        s1_0.id=? 
        and s1_0.activa
Hibernate: 
    select
        s1_0.id,
        s1_0.activa,
        s1_0.updated_at,
        s1_0.ciudad,
        s1_0.codigo,
        s1_0.config,
        s1_0.created_at,
        s1_0.deleted_at,
        s1_0.departamento,
        s1_0.descripcion,
        s1_0.direccion,
        s1_0.email,
        s1_0.fecha_fundacion,
        s1_0.logo_url,
        s1_0.nombre,
        s1_0.pais,
        s1_0.schema_name,
        s1_0.telefono,
        s1_0.zona_horaria 
    from
        shared.sedes s1_0 
    where
        s1_0.id=? 
        and s1_0.activa
2026-04-29T07:15:52.488-05:00 DEBUG 65328 --- [sgi-backend] [nio-8080-exec-8] c.m.s.auth.service.RefreshTokenService   : Refresh token creado para usuario b2c3d4e5-f6a7-8901-bcde-f12345678901
2026-04-29T07:15:52.489-05:00  INFO 65328 --- [sgi-backend] [nio-8080-exec-8] c.m.s.auth.service.AuthService           : Login exitoso: admin@iglesiapaibog.com → sede PAI_BOG
2026-04-29T07:15:52.497-05:00 DEBUG 65328 --- [sgi-backend] [nio-8080-exec-8] org.hibernate.SQL                        : 
    insert 
    into
        shared.refresh_tokens
        (activo, created_at, dispositivo, expira_en, token_hash, usuario_id, id) 
    values
        (?, ?, ?, ?, ?, ?, ?)
Hibernate: 
    insert 
    into
        shared.refresh_tokens
        (activo, created_at, dispositivo, expira_en, token_hash, usuario_id, id) 
    values
        (?, ?, ?, ?, ?, ?, ?)
2026-04-29T07:16:38.487-05:00 DEBUG 65328 --- [sgi-backend] [io-8080-exec-10] org.hibernate.SQL                        : 
    select
        us1_0.id,
        us1_0.activo,
        us1_0.updated_at,
        us1_0.apellido,
        us1_0.bloqueado_hasta,
        us1_0.created_at,
        us1_0.debe_cambiar_password,
        us1_0.email,
        us1_0.intentos_fallidos,
        us1_0.nombre,
        us1_0.password_hash,
        us1_0.super_admin,
        us1_0.telefono,
        us1_0.token_reset_expira,
        us1_0.token_reset_password,
        us1_0.ultimo_login,
        us1_0.username 
    from
        shared.usuarios_sistema us1_0 
    where
        upper(us1_0.email)=upper(?)
Hibernate: 
    select
        us1_0.id,
        us1_0.activo,
        us1_0.updated_at,
        us1_0.apellido,
        us1_0.bloqueado_hasta,
        us1_0.created_at,
        us1_0.debe_cambiar_password,
        us1_0.email,
        us1_0.intentos_fallidos,
        us1_0.nombre,
        us1_0.password_hash,
        us1_0.super_admin,
        us1_0.telefono,
        us1_0.token_reset_expira,
        us1_0.token_reset_password,
        us1_0.ultimo_login,
        us1_0.username 
    from
        shared.usuarios_sistema us1_0 
    where
        upper(us1_0.email)=upper(?)
2026-04-29T07:16:38.760-05:00 DEBUG 65328 --- [sgi-backend] [io-8080-exec-10] org.hibernate.SQL                        : 
    update
        shared.usuarios_sistema us1_0 
    set
        intentos_fallidos=0,
        bloqueado_hasta=null,
        ultimo_login=? 
    where
        us1_0.id=?
Hibernate: 
    update
        shared.usuarios_sistema us1_0 
    set
        intentos_fallidos=0,
        bloqueado_hasta=null,
        ultimo_login=? 
    where
        us1_0.id=?
2026-04-29T07:16:38.763-05:00 DEBUG 65328 --- [sgi-backend] [io-8080-exec-10] org.hibernate.SQL                        : 
    select
        us1_0.id,
        us1_0.activo,
        us1_0.roles,
        us1_0.sede_id,
        us1_0.usuario_id 
    from
        shared.usuarios_sedes us1_0 
    where
        us1_0.usuario_id=? 
        and us1_0.activo
Hibernate: 
    select
        us1_0.id,
        us1_0.activo,
        us1_0.roles,
        us1_0.sede_id,
        us1_0.usuario_id 
    from
        shared.usuarios_sedes us1_0 
    where
        us1_0.usuario_id=? 
        and us1_0.activo
2026-04-29T07:16:38.766-05:00 DEBUG 65328 --- [sgi-backend] [io-8080-exec-10] org.hibernate.SQL                        : 
    select
        s1_0.id,
        s1_0.activa,
        s1_0.updated_at,
        s1_0.ciudad,
        s1_0.codigo,
        s1_0.config,
        s1_0.created_at,
        s1_0.deleted_at,
        s1_0.departamento,
        s1_0.descripcion,
        s1_0.direccion,
        s1_0.email,
        s1_0.fecha_fundacion,
        s1_0.logo_url,
        s1_0.nombre,
        s1_0.pais,
        s1_0.schema_name,
        s1_0.telefono,
        s1_0.zona_horaria 
    from
        shared.sedes s1_0 
    where
        s1_0.id=? 
        and s1_0.activa
Hibernate: 
    select
        s1_0.id,
        s1_0.activa,
        s1_0.updated_at,
        s1_0.ciudad,
        s1_0.codigo,
        s1_0.config,
        s1_0.created_at,
        s1_0.deleted_at,
        s1_0.departamento,
        s1_0.descripcion,
        s1_0.direccion,
        s1_0.email,
        s1_0.fecha_fundacion,
        s1_0.logo_url,
        s1_0.nombre,
        s1_0.pais,
        s1_0.schema_name,
        s1_0.telefono,
        s1_0.zona_horaria 
    from
        shared.sedes s1_0 
    where
        s1_0.id=? 
        and s1_0.activa
2026-04-29T07:16:38.769-05:00 DEBUG 65328 --- [sgi-backend] [io-8080-exec-10] org.hibernate.SQL                        : 
    select
        s1_0.id,
        s1_0.activa,
        s1_0.updated_at,
        s1_0.ciudad,
        s1_0.codigo,
        s1_0.config,
        s1_0.created_at,
        s1_0.deleted_at,
        s1_0.departamento,
        s1_0.descripcion,
        s1_0.direccion,
        s1_0.email,
        s1_0.fecha_fundacion,
        s1_0.logo_url,
        s1_0.nombre,
        s1_0.pais,
        s1_0.schema_name,
        s1_0.telefono,
        s1_0.zona_horaria 
    from
        shared.sedes s1_0 
    where
        s1_0.id=? 
        and s1_0.activa
Hibernate: 
    select
        s1_0.id,
        s1_0.activa,
        s1_0.updated_at,
        s1_0.ciudad,
        s1_0.codigo,
        s1_0.config,
        s1_0.created_at,
        s1_0.deleted_at,
        s1_0.departamento,
        s1_0.descripcion,
        s1_0.direccion,
        s1_0.email,
        s1_0.fecha_fundacion,
        s1_0.logo_url,
        s1_0.nombre,
        s1_0.pais,
        s1_0.schema_name,
        s1_0.telefono,
        s1_0.zona_horaria 
    from
        shared.sedes s1_0 
    where
        s1_0.id=? 
        and s1_0.activa
2026-04-29T07:16:38.771-05:00 DEBUG 65328 --- [sgi-backend] [io-8080-exec-10] c.m.s.auth.service.RefreshTokenService   : Refresh token creado para usuario b2c3d4e5-f6a7-8901-bcde-f12345678901
2026-04-29T07:16:38.772-05:00  INFO 65328 --- [sgi-backend] [io-8080-exec-10] c.m.s.auth.service.AuthService           : Login exitoso: admin@iglesiapaibog.com → sede PAI_BOG
2026-04-29T07:16:38.772-05:00 DEBUG 65328 --- [sgi-backend] [io-8080-exec-10] org.hibernate.SQL                        : 
    insert 
    into
        shared.refresh_tokens
        (activo, created_at, dispositivo, expira_en, token_hash, usuario_id, id) 
    values
        (?, ?, ?, ?, ?, ?, ?)
Hibernate: 
    insert 
    into
        shared.refresh_tokens
        (activo, created_at, dispositivo, expira_en, token_hash, usuario_id, id) 
    values
        (?, ?, ?, ?, ?, ?, ?)
2026-04-29T07:16:54.168-05:00 DEBUG 65328 --- [sgi-backend] [nio-8080-exec-4] org.hibernate.SQL                        : 
    select
        us1_0.id,
        us1_0.activo,
        us1_0.updated_at,
        us1_0.apellido,
        us1_0.bloqueado_hasta,
        us1_0.created_at,
        us1_0.debe_cambiar_password,
        us1_0.email,
        us1_0.intentos_fallidos,
        us1_0.nombre,
        us1_0.password_hash,
        us1_0.super_admin,
        us1_0.telefono,
        us1_0.token_reset_expira,
        us1_0.token_reset_password,
        us1_0.ultimo_login,
        us1_0.username 
    from
        shared.usuarios_sistema us1_0 
    where
        upper(us1_0.email)=upper(?)
Hibernate: 
    select
        us1_0.id,
        us1_0.activo,
        us1_0.updated_at,
        us1_0.apellido,
        us1_0.bloqueado_hasta,
        us1_0.created_at,
        us1_0.debe_cambiar_password,
        us1_0.email,
        us1_0.intentos_fallidos,
        us1_0.nombre,
        us1_0.password_hash,
        us1_0.super_admin,
        us1_0.telefono,
        us1_0.token_reset_expira,
        us1_0.token_reset_password,
        us1_0.ultimo_login,
        us1_0.username 
    from
        shared.usuarios_sistema us1_0 
    where
        upper(us1_0.email)=upper(?)
2026-04-29T07:16:54.433-05:00 DEBUG 65328 --- [sgi-backend] [nio-8080-exec-4] org.hibernate.SQL                        : 
    update
        shared.usuarios_sistema us1_0 
    set
        intentos_fallidos=0,
        bloqueado_hasta=null,
        ultimo_login=? 
    where
        us1_0.id=?
Hibernate: 
    update
        shared.usuarios_sistema us1_0 
    set
        intentos_fallidos=0,
        bloqueado_hasta=null,
        ultimo_login=? 
    where
        us1_0.id=?
2026-04-29T07:16:54.437-05:00 DEBUG 65328 --- [sgi-backend] [nio-8080-exec-4] org.hibernate.SQL                        : 
    select
        us1_0.id,
        us1_0.activo,
        us1_0.roles,
        us1_0.sede_id,
        us1_0.usuario_id 
    from
        shared.usuarios_sedes us1_0 
    where
        us1_0.usuario_id=? 
        and us1_0.activo
Hibernate: 
    select
        us1_0.id,
        us1_0.activo,
        us1_0.roles,
        us1_0.sede_id,
        us1_0.usuario_id 
    from
        shared.usuarios_sedes us1_0 
    where
        us1_0.usuario_id=? 
        and us1_0.activo
2026-04-29T07:16:54.441-05:00 DEBUG 65328 --- [sgi-backend] [nio-8080-exec-4] org.hibernate.SQL                        : 
    select
        s1_0.id,
        s1_0.activa,
        s1_0.updated_at,
        s1_0.ciudad,
        s1_0.codigo,
        s1_0.config,
        s1_0.created_at,
        s1_0.deleted_at,
        s1_0.departamento,
        s1_0.descripcion,
        s1_0.direccion,
        s1_0.email,
        s1_0.fecha_fundacion,
        s1_0.logo_url,
        s1_0.nombre,
        s1_0.pais,
        s1_0.schema_name,
        s1_0.telefono,
        s1_0.zona_horaria 
    from
        shared.sedes s1_0 
    where
        s1_0.id=? 
        and s1_0.activa
Hibernate: 
    select
        s1_0.id,
        s1_0.activa,
        s1_0.updated_at,
        s1_0.ciudad,
        s1_0.codigo,
        s1_0.config,
        s1_0.created_at,
        s1_0.deleted_at,
        s1_0.departamento,
        s1_0.descripcion,
        s1_0.direccion,
        s1_0.email,
        s1_0.fecha_fundacion,
        s1_0.logo_url,
        s1_0.nombre,
        s1_0.pais,
        s1_0.schema_name,
        s1_0.telefono,
        s1_0.zona_horaria 
    from
        shared.sedes s1_0 
    where
        s1_0.id=? 
        and s1_0.activa
2026-04-29T07:16:54.445-05:00 DEBUG 65328 --- [sgi-backend] [nio-8080-exec-4] org.hibernate.SQL                        : 
    select
        s1_0.id,
        s1_0.activa,
        s1_0.updated_at,
        s1_0.ciudad,
        s1_0.codigo,
        s1_0.config,
        s1_0.created_at,
        s1_0.deleted_at,
        s1_0.departamento,
        s1_0.descripcion,
        s1_0.direccion,
        s1_0.email,
        s1_0.fecha_fundacion,
        s1_0.logo_url,
        s1_0.nombre,
        s1_0.pais,
        s1_0.schema_name,
        s1_0.telefono,
        s1_0.zona_horaria 
    from
        shared.sedes s1_0 
    where
        s1_0.id=? 
        and s1_0.activa
Hibernate: 
    select
        s1_0.id,
        s1_0.activa,
        s1_0.updated_at,
        s1_0.ciudad,
        s1_0.codigo,
        s1_0.config,
        s1_0.created_at,
        s1_0.deleted_at,
        s1_0.departamento,
        s1_0.descripcion,
        s1_0.direccion,
        s1_0.email,
        s1_0.fecha_fundacion,
        s1_0.logo_url,
        s1_0.nombre,
        s1_0.pais,
        s1_0.schema_name,
        s1_0.telefono,
        s1_0.zona_horaria 
    from
        shared.sedes s1_0 
    where
        s1_0.id=? 
        and s1_0.activa
2026-04-29T07:16:54.449-05:00 DEBUG 65328 --- [sgi-backend] [nio-8080-exec-4] c.m.s.auth.service.RefreshTokenService   : Refresh token creado para usuario b2c3d4e5-f6a7-8901-bcde-f12345678901
2026-04-29T07:16:54.449-05:00  INFO 65328 --- [sgi-backend] [nio-8080-exec-4] c.m.s.auth.service.AuthService           : Login exitoso: admin@iglesiapaibog.com → sede PAI_BOG
2026-04-29T07:16:54.449-05:00 DEBUG 65328 --- [sgi-backend] [nio-8080-exec-4] org.hibernate.SQL                        : 
    insert 
    into
        shared.refresh_tokens
        (activo, created_at, dispositivo, expira_en, token_hash, usuario_id, id) 
    values
        (?, ?, ?, ?, ?, ?, ?)
Hibernate: 
    insert 
    into
        shared.refresh_tokens
        (activo, created_at, dispositivo, expira_en, token_hash, usuario_id, id) 
    values
        (?, ?, ?, ?, ?, ?, ?)
2026-04-29T07:17:32.923-05:00 DEBUG 65328 --- [sgi-backend] [nio-8080-exec-5] org.hibernate.SQL                        : 
    select
        us1_0.id,
        us1_0.activo,
        us1_0.updated_at,
        us1_0.apellido,
        us1_0.bloqueado_hasta,
        us1_0.created_at,
        us1_0.debe_cambiar_password,
        us1_0.email,
        us1_0.intentos_fallidos,
        us1_0.nombre,
        us1_0.password_hash,
        us1_0.super_admin,
        us1_0.telefono,
        us1_0.token_reset_expira,
        us1_0.token_reset_password,
        us1_0.ultimo_login,
        us1_0.username 
    from
        shared.usuarios_sistema us1_0 
    where
        upper(us1_0.email)=upper(?)
Hibernate: 
    select
        us1_0.id,
        us1_0.activo,
        us1_0.updated_at,
        us1_0.apellido,
        us1_0.bloqueado_hasta,
        us1_0.created_at,
        us1_0.debe_cambiar_password,
        us1_0.email,
        us1_0.intentos_fallidos,
        us1_0.nombre,
        us1_0.password_hash,
        us1_0.super_admin,
        us1_0.telefono,
        us1_0.token_reset_expira,
        us1_0.token_reset_password,
        us1_0.ultimo_login,
        us1_0.username 
    from
        shared.usuarios_sistema us1_0 
    where
        upper(us1_0.email)=upper(?)
2026-04-29T07:17:33.196-05:00 DEBUG 65328 --- [sgi-backend] [nio-8080-exec-5] org.hibernate.SQL                        : 
    update
        shared.usuarios_sistema us1_0 
    set
        intentos_fallidos=0,
        bloqueado_hasta=null,
        ultimo_login=? 
    where
        us1_0.id=?
Hibernate: 
    update
        shared.usuarios_sistema us1_0 
    set
        intentos_fallidos=0,
        bloqueado_hasta=null,
        ultimo_login=? 
    where
        us1_0.id=?
2026-04-29T07:17:33.199-05:00 DEBUG 65328 --- [sgi-backend] [nio-8080-exec-5] org.hibernate.SQL                        : 
    select
        us1_0.id,
        us1_0.activo,
        us1_0.roles,
        us1_0.sede_id,
        us1_0.usuario_id 
    from
        shared.usuarios_sedes us1_0 
    where
        us1_0.usuario_id=? 
        and us1_0.activo
Hibernate: 
    select
        us1_0.id,
        us1_0.activo,
        us1_0.roles,
        us1_0.sede_id,
        us1_0.usuario_id 
    from
        shared.usuarios_sedes us1_0 
    where
        us1_0.usuario_id=? 
        and us1_0.activo
2026-04-29T07:17:33.201-05:00 DEBUG 65328 --- [sgi-backend] [nio-8080-exec-5] org.hibernate.SQL                        : 
    select
        s1_0.id,
        s1_0.activa,
        s1_0.updated_at,
        s1_0.ciudad,
        s1_0.codigo,
        s1_0.config,
        s1_0.created_at,
        s1_0.deleted_at,
        s1_0.departamento,
        s1_0.descripcion,
        s1_0.direccion,
        s1_0.email,
        s1_0.fecha_fundacion,
        s1_0.logo_url,
        s1_0.nombre,
        s1_0.pais,
        s1_0.schema_name,
        s1_0.telefono,
        s1_0.zona_horaria 
    from
        shared.sedes s1_0 
    where
        s1_0.id=? 
        and s1_0.activa
Hibernate: 
    select
        s1_0.id,
        s1_0.activa,
        s1_0.updated_at,
        s1_0.ciudad,
        s1_0.codigo,
        s1_0.config,
        s1_0.created_at,
        s1_0.deleted_at,
        s1_0.departamento,
        s1_0.descripcion,
        s1_0.direccion,
        s1_0.email,
        s1_0.fecha_fundacion,
        s1_0.logo_url,
        s1_0.nombre,
        s1_0.pais,
        s1_0.schema_name,
        s1_0.telefono,
        s1_0.zona_horaria 
    from
        shared.sedes s1_0 
    where
        s1_0.id=? 
        and s1_0.activa
2026-04-29T07:17:33.204-05:00 DEBUG 65328 --- [sgi-backend] [nio-8080-exec-5] org.hibernate.SQL                        : 
    select
        s1_0.id,
        s1_0.activa,
        s1_0.updated_at,
        s1_0.ciudad,
        s1_0.codigo,
        s1_0.config,
        s1_0.created_at,
        s1_0.deleted_at,
        s1_0.departamento,
        s1_0.descripcion,
        s1_0.direccion,
        s1_0.email,
        s1_0.fecha_fundacion,
        s1_0.logo_url,
        s1_0.nombre,
        s1_0.pais,
        s1_0.schema_name,
        s1_0.telefono,
        s1_0.zona_horaria 
    from
        shared.sedes s1_0 
    where
        s1_0.id=? 
        and s1_0.activa
Hibernate: 
    select
        s1_0.id,
        s1_0.activa,
        s1_0.updated_at,
        s1_0.ciudad,
        s1_0.codigo,
        s1_0.config,
        s1_0.created_at,
        s1_0.deleted_at,
        s1_0.departamento,
        s1_0.descripcion,
        s1_0.direccion,
        s1_0.email,
        s1_0.fecha_fundacion,
        s1_0.logo_url,
        s1_0.nombre,
        s1_0.pais,
        s1_0.schema_name,
        s1_0.telefono,
        s1_0.zona_horaria 
    from
        shared.sedes s1_0 
    where
        s1_0.id=? 
        and s1_0.activa
2026-04-29T07:17:33.206-05:00 DEBUG 65328 --- [sgi-backend] [nio-8080-exec-5] c.m.s.auth.service.RefreshTokenService   : Refresh token creado para usuario b2c3d4e5-f6a7-8901-bcde-f12345678901
2026-04-29T07:17:33.207-05:00  INFO 65328 --- [sgi-backend] [nio-8080-exec-5] c.m.s.auth.service.AuthService           : Login exitoso: admin@iglesiapaibog.com → sede PAI_BOG
2026-04-29T07:17:33.207-05:00 DEBUG 65328 --- [sgi-backend] [nio-8080-exec-5] org.hibernate.SQL                        : 
    insert 
    into
        shared.refresh_tokens
        (activo, created_at, dispositivo, expira_en, token_hash, usuario_id, id) 
    values
        (?, ?, ?, ?, ?, ?, ?)
Hibernate: 
    insert 
    into
        shared.refresh_tokens
        (activo, created_at, dispositivo, expira_en, token_hash, usuario_id, id) 
    values
        (?, ?, ?, ?, ?, ?, ?)
2026-04-29T07:18:04.329-05:00 DEBUG 65328 --- [sgi-backend] [nio-8080-exec-7] org.hibernate.SQL                        : 
    select
        us1_0.id,
        us1_0.activo,
        us1_0.updated_at,
        us1_0.apellido,
        us1_0.bloqueado_hasta,
        us1_0.created_at,
        us1_0.debe_cambiar_password,
        us1_0.email,
        us1_0.intentos_fallidos,
        us1_0.nombre,
        us1_0.password_hash,
        us1_0.super_admin,
        us1_0.telefono,
        us1_0.token_reset_expira,
        us1_0.token_reset_password,
        us1_0.ultimo_login,
        us1_0.username 
    from
        shared.usuarios_sistema us1_0 
    where
        upper(us1_0.email)=upper(?)
Hibernate: 
    select
        us1_0.id,
        us1_0.activo,
        us1_0.updated_at,
        us1_0.apellido,
        us1_0.bloqueado_hasta,
        us1_0.created_at,
        us1_0.debe_cambiar_password,
        us1_0.email,
        us1_0.intentos_fallidos,
        us1_0.nombre,
        us1_0.password_hash,
        us1_0.super_admin,
        us1_0.telefono,
        us1_0.token_reset_expira,
        us1_0.token_reset_password,
        us1_0.ultimo_login,
        us1_0.username 
    from
        shared.usuarios_sistema us1_0 
    where
        upper(us1_0.email)=upper(?)
2026-04-29T07:18:04.602-05:00 DEBUG 65328 --- [sgi-backend] [nio-8080-exec-7] org.hibernate.SQL                        : 
    update
        shared.usuarios_sistema us1_0 
    set
        intentos_fallidos=0,
        bloqueado_hasta=null,
        ultimo_login=? 
    where
        us1_0.id=?
Hibernate: 
    update
        shared.usuarios_sistema us1_0 
    set
        intentos_fallidos=0,
        bloqueado_hasta=null,
        ultimo_login=? 
    where
        us1_0.id=?
2026-04-29T07:18:04.606-05:00 DEBUG 65328 --- [sgi-backend] [nio-8080-exec-7] org.hibernate.SQL                        : 
    select
        us1_0.id,
        us1_0.activo,
        us1_0.roles,
        us1_0.sede_id,
        us1_0.usuario_id 
    from
        shared.usuarios_sedes us1_0 
    where
        us1_0.usuario_id=? 
        and us1_0.activo
Hibernate: 
    select
        us1_0.id,
        us1_0.activo,
        us1_0.roles,
        us1_0.sede_id,
        us1_0.usuario_id 
    from
        shared.usuarios_sedes us1_0 
    where
        us1_0.usuario_id=? 
        and us1_0.activo
2026-04-29T07:18:04.608-05:00 DEBUG 65328 --- [sgi-backend] [nio-8080-exec-7] org.hibernate.SQL                        : 
    select
        s1_0.id,
        s1_0.activa,
        s1_0.updated_at,
        s1_0.ciudad,
        s1_0.codigo,
        s1_0.config,
        s1_0.created_at,
        s1_0.deleted_at,
        s1_0.departamento,
        s1_0.descripcion,
        s1_0.direccion,
        s1_0.email,
        s1_0.fecha_fundacion,
        s1_0.logo_url,
        s1_0.nombre,
        s1_0.pais,
        s1_0.schema_name,
        s1_0.telefono,
        s1_0.zona_horaria 
    from
        shared.sedes s1_0 
    where
        s1_0.id=? 
        and s1_0.activa
Hibernate: 
    select
        s1_0.id,
        s1_0.activa,
        s1_0.updated_at,
        s1_0.ciudad,
        s1_0.codigo,
        s1_0.config,
        s1_0.created_at,
        s1_0.deleted_at,
        s1_0.departamento,
        s1_0.descripcion,
        s1_0.direccion,
        s1_0.email,
        s1_0.fecha_fundacion,
        s1_0.logo_url,
        s1_0.nombre,
        s1_0.pais,
        s1_0.schema_name,
        s1_0.telefono,
        s1_0.zona_horaria 
    from
        shared.sedes s1_0 
    where
        s1_0.id=? 
        and s1_0.activa
2026-04-29T07:18:04.610-05:00 DEBUG 65328 --- [sgi-backend] [nio-8080-exec-7] org.hibernate.SQL                        : 
    select
        s1_0.id,
        s1_0.activa,
        s1_0.updated_at,
        s1_0.ciudad,
        s1_0.codigo,
        s1_0.config,
        s1_0.created_at,
        s1_0.deleted_at,
        s1_0.departamento,
        s1_0.descripcion,
        s1_0.direccion,
        s1_0.email,
        s1_0.fecha_fundacion,
        s1_0.logo_url,
        s1_0.nombre,
        s1_0.pais,
        s1_0.schema_name,
        s1_0.telefono,
        s1_0.zona_horaria 
    from
        shared.sedes s1_0 
    where
        s1_0.id=? 
        and s1_0.activa
Hibernate: 
    select
        s1_0.id,
        s1_0.activa,
        s1_0.updated_at,
        s1_0.ciudad,
        s1_0.codigo,
        s1_0.config,
        s1_0.created_at,
        s1_0.deleted_at,
        s1_0.departamento,
        s1_0.descripcion,
        s1_0.direccion,
        s1_0.email,
        s1_0.fecha_fundacion,
        s1_0.logo_url,
        s1_0.nombre,
        s1_0.pais,
        s1_0.schema_name,
        s1_0.telefono,
        s1_0.zona_horaria 
    from
        shared.sedes s1_0 
    where
        s1_0.id=? 
        and s1_0.activa
2026-04-29T07:18:04.611-05:00 DEBUG 65328 --- [sgi-backend] [nio-8080-exec-7] c.m.s.auth.service.RefreshTokenService   : Refresh token creado para usuario b2c3d4e5-f6a7-8901-bcde-f12345678901
2026-04-29T07:18:04.612-05:00  INFO 65328 --- [sgi-backend] [nio-8080-exec-7] c.m.s.auth.service.AuthService           : Login exitoso: admin@iglesiapaibog.com → sede PAI_BOG
2026-04-29T07:18:04.612-05:00 DEBUG 65328 --- [sgi-backend] [nio-8080-exec-7] org.hibernate.SQL                        : 
    insert 
    into
        shared.refresh_tokens
        (activo, created_at, dispositivo, expira_en, token_hash, usuario_id, id) 
    values
        (?, ?, ?, ?, ?, ?, ?)
Hibernate: 
    insert 
    into
        shared.refresh_tokens
        (activo, created_at, dispositivo, expira_en, token_hash, usuario_id, id) 
    values
        (?, ?, ?, ?, ?, ?, ?)
2026-04-29T07:18:04.680-05:00 DEBUG 65328 --- [sgi-backend] [nio-8080-exec-8] c.m.sgi_backend.security.JwtAuthFilter   : Schema de sede establecido: sede_pai_bog
2026-04-29T07:18:04.728-05:00  INFO 65328 --- [sgi-backend] [nio-8080-exec-8] c.m.s.grupos.service.GrupoService        : [Grupos] Creado: Celula Norte tipo=CELULA | sede=8f05fb2b-f081-444a-a03f-eb5a4e1a9afd
2026-04-29T07:18:24.843-05:00 DEBUG 65328 --- [sgi-backend] [io-8080-exec-10] org.hibernate.SQL                        : 
    select
        us1_0.id,
        us1_0.activo,
        us1_0.updated_at,
        us1_0.apellido,
        us1_0.bloqueado_hasta,
        us1_0.created_at,
        us1_0.debe_cambiar_password,
        us1_0.email,
        us1_0.intentos_fallidos,
        us1_0.nombre,
        us1_0.password_hash,
        us1_0.super_admin,
        us1_0.telefono,
        us1_0.token_reset_expira,
        us1_0.token_reset_password,
        us1_0.ultimo_login,
        us1_0.username 
    from
        shared.usuarios_sistema us1_0 
    where
        upper(us1_0.email)=upper(?)
Hibernate: 
    select
        us1_0.id,
        us1_0.activo,
        us1_0.updated_at,
        us1_0.apellido,
        us1_0.bloqueado_hasta,
        us1_0.created_at,
        us1_0.debe_cambiar_password,
        us1_0.email,
        us1_0.intentos_fallidos,
        us1_0.nombre,
        us1_0.password_hash,
        us1_0.super_admin,
        us1_0.telefono,
        us1_0.token_reset_expira,
        us1_0.token_reset_password,
        us1_0.ultimo_login,
        us1_0.username 
    from
        shared.usuarios_sistema us1_0 
    where
        upper(us1_0.email)=upper(?)
2026-04-29T07:18:25.139-05:00 DEBUG 65328 --- [sgi-backend] [io-8080-exec-10] org.hibernate.SQL                        : 
    update
        shared.usuarios_sistema us1_0 
    set
        intentos_fallidos=0,
        bloqueado_hasta=null,
        ultimo_login=? 
    where
        us1_0.id=?
Hibernate: 
    update
        shared.usuarios_sistema us1_0 
    set
        intentos_fallidos=0,
        bloqueado_hasta=null,
        ultimo_login=? 
    where
        us1_0.id=?
2026-04-29T07:18:25.144-05:00 DEBUG 65328 --- [sgi-backend] [io-8080-exec-10] org.hibernate.SQL                        : 
    select
        us1_0.id,
        us1_0.activo,
        us1_0.roles,
        us1_0.sede_id,
        us1_0.usuario_id 
    from
        shared.usuarios_sedes us1_0 
    where
        us1_0.usuario_id=? 
        and us1_0.activo
Hibernate: 
    select
        us1_0.id,
        us1_0.activo,
        us1_0.roles,
        us1_0.sede_id,
        us1_0.usuario_id 
    from
        shared.usuarios_sedes us1_0 
    where
        us1_0.usuario_id=? 
        and us1_0.activo
2026-04-29T07:18:25.148-05:00 DEBUG 65328 --- [sgi-backend] [io-8080-exec-10] org.hibernate.SQL                        : 
    select
        s1_0.id,
        s1_0.activa,
        s1_0.updated_at,
        s1_0.ciudad,
        s1_0.codigo,
        s1_0.config,
        s1_0.created_at,
        s1_0.deleted_at,
        s1_0.departamento,
        s1_0.descripcion,
        s1_0.direccion,
        s1_0.email,
        s1_0.fecha_fundacion,
        s1_0.logo_url,
        s1_0.nombre,
        s1_0.pais,
        s1_0.schema_name,
        s1_0.telefono,
        s1_0.zona_horaria 
    from
        shared.sedes s1_0 
    where
        s1_0.id=? 
        and s1_0.activa
Hibernate: 
    select
        s1_0.id,
        s1_0.activa,
        s1_0.updated_at,
        s1_0.ciudad,
        s1_0.codigo,
        s1_0.config,
        s1_0.created_at,
        s1_0.deleted_at,
        s1_0.departamento,
        s1_0.descripcion,
        s1_0.direccion,
        s1_0.email,
        s1_0.fecha_fundacion,
        s1_0.logo_url,
        s1_0.nombre,
        s1_0.pais,
        s1_0.schema_name,
        s1_0.telefono,
        s1_0.zona_horaria 
    from
        shared.sedes s1_0 
    where
        s1_0.id=? 
        and s1_0.activa
2026-04-29T07:18:25.152-05:00 DEBUG 65328 --- [sgi-backend] [io-8080-exec-10] org.hibernate.SQL                        : 
    select
        s1_0.id,
        s1_0.activa,
        s1_0.updated_at,
        s1_0.ciudad,
        s1_0.codigo,
        s1_0.config,
        s1_0.created_at,
        s1_0.deleted_at,
        s1_0.departamento,
        s1_0.descripcion,
        s1_0.direccion,
        s1_0.email,
        s1_0.fecha_fundacion,
        s1_0.logo_url,
        s1_0.nombre,
        s1_0.pais,
        s1_0.schema_name,
        s1_0.telefono,
        s1_0.zona_horaria 
    from
        shared.sedes s1_0 
    where
        s1_0.id=? 
        and s1_0.activa
Hibernate: 
    select
        s1_0.id,
        s1_0.activa,
        s1_0.updated_at,
        s1_0.ciudad,
        s1_0.codigo,
        s1_0.config,
        s1_0.created_at,
        s1_0.deleted_at,
        s1_0.departamento,
        s1_0.descripcion,
        s1_0.direccion,
        s1_0.email,
        s1_0.fecha_fundacion,
        s1_0.logo_url,
        s1_0.nombre,
        s1_0.pais,
        s1_0.schema_name,
        s1_0.telefono,
        s1_0.zona_horaria 
    from
        shared.sedes s1_0 
    where
        s1_0.id=? 
        and s1_0.activa
2026-04-29T07:18:25.156-05:00 DEBUG 65328 --- [sgi-backend] [io-8080-exec-10] c.m.s.auth.service.RefreshTokenService   : Refresh token creado para usuario b2c3d4e5-f6a7-8901-bcde-f12345678901
2026-04-29T07:18:25.156-05:00  INFO 65328 --- [sgi-backend] [io-8080-exec-10] c.m.s.auth.service.AuthService           : Login exitoso: admin@iglesiapaibog.com → sede PAI_BOG
2026-04-29T07:18:25.157-05:00 DEBUG 65328 --- [sgi-backend] [io-8080-exec-10] org.hibernate.SQL                        : 
    insert 
    into
        shared.refresh_tokens
        (activo, created_at, dispositivo, expira_en, token_hash, usuario_id, id) 
    values
        (?, ?, ?, ?, ?, ?, ?)
Hibernate: 
    insert 
    into
        shared.refresh_tokens
        (activo, created_at, dispositivo, expira_en, token_hash, usuario_id, id) 
    values
        (?, ?, ?, ?, ?, ?, ?)
2026-04-29T07:18:25.210-05:00 DEBUG 65328 --- [sgi-backend] [nio-8080-exec-1] c.m.sgi_backend.security.JwtAuthFilter   : Schema de sede establecido: sede_pai_bog
2026-04-29T07:18:25.217-05:00  INFO 65328 --- [sgi-backend] [nio-8080-exec-1] c.m.s.grupos.service.GrupoService        : [Grupos] Creado: Celula Norte tipo=CELULA | sede=8f05fb2b-f081-444a-a03f-eb5a4e1a9afd
2026-04-29T07:18:25.226-05:00 DEBUG 65328 --- [sgi-backend] [nio-8080-exec-4] c.m.sgi_backend.security.JwtAuthFilter   : Schema de sede establecido: sede_pai_bog
2026-04-29T07:18:25.235-05:00  INFO 65328 --- [sgi-backend] [nio-8080-exec-4] c.m.s.grupos.service.GrupoService        : [Grupos] Creado: Ministerio de Alabanza tipo=MINISTERIO | sede=8f05fb2b-f081-444a-a03f-eb5a4e1a9afd
2026-04-29T07:18:25.243-05:00 DEBUG 65328 --- [sgi-backend] [nio-8080-exec-3] c.m.sgi_backend.security.JwtAuthFilter   : Schema de sede establecido: sede_pai_bog
2026-04-29T07:18:25.263-05:00 DEBUG 65328 --- [sgi-backend] [nio-8080-exec-2] c.m.sgi_backend.security.JwtAuthFilter   : Schema de sede establecido: sede_pai_bog
2026-04-29T07:18:25.275-05:00 DEBUG 65328 --- [sgi-backend] [nio-8080-exec-5] c.m.sgi_backend.security.JwtAuthFilter   : Schema de sede establecido: sede_pai_bog
2026-04-29T07:18:25.285-05:00 DEBUG 65328 --- [sgi-backend] [nio-8080-exec-6] c.m.sgi_backend.security.JwtAuthFilter   : Schema de sede establecido: sede_pai_bog
2026-04-29T07:18:25.294-05:00  INFO 65328 --- [sgi-backend] [nio-8080-exec-6] c.m.s.grupos.service.GrupoService        : [Grupos] Actualizado: 0b5335d3-d389-4b27-8816-782bd51d4867
2026-04-29T07:18:35.273-05:00 DEBUG 65328 --- [sgi-backend] [nio-8080-exec-8] org.hibernate.SQL                        : 
    select
        us1_0.id,
        us1_0.activo,
        us1_0.updated_at,
        us1_0.apellido,
        us1_0.bloqueado_hasta,
        us1_0.created_at,
        us1_0.debe_cambiar_password,
        us1_0.email,
        us1_0.intentos_fallidos,
        us1_0.nombre,
        us1_0.password_hash,
        us1_0.super_admin,
        us1_0.telefono,
        us1_0.token_reset_expira,
        us1_0.token_reset_password,
        us1_0.ultimo_login,
        us1_0.username 
    from
        shared.usuarios_sistema us1_0 
    where
        upper(us1_0.email)=upper(?)
Hibernate: 
    select
        us1_0.id,
        us1_0.activo,
        us1_0.updated_at,
        us1_0.apellido,
        us1_0.bloqueado_hasta,
        us1_0.created_at,
        us1_0.debe_cambiar_password,
        us1_0.email,
        us1_0.intentos_fallidos,
        us1_0.nombre,
        us1_0.password_hash,
        us1_0.super_admin,
        us1_0.telefono,
        us1_0.token_reset_expira,
        us1_0.token_reset_password,
        us1_0.ultimo_login,
        us1_0.username 
    from
        shared.usuarios_sistema us1_0 
    where
        upper(us1_0.email)=upper(?)
2026-04-29T07:18:35.556-05:00 DEBUG 65328 --- [sgi-backend] [nio-8080-exec-8] org.hibernate.SQL                        : 
    update
        shared.usuarios_sistema us1_0 
    set
        intentos_fallidos=0,
        bloqueado_hasta=null,
        ultimo_login=? 
    where
        us1_0.id=?
Hibernate: 
    update
        shared.usuarios_sistema us1_0 
    set
        intentos_fallidos=0,
        bloqueado_hasta=null,
        ultimo_login=? 
    where
        us1_0.id=?
2026-04-29T07:18:35.558-05:00 DEBUG 65328 --- [sgi-backend] [nio-8080-exec-8] org.hibernate.SQL                        : 
    select
        us1_0.id,
        us1_0.activo,
        us1_0.roles,
        us1_0.sede_id,
        us1_0.usuario_id 
    from
        shared.usuarios_sedes us1_0 
    where
        us1_0.usuario_id=? 
        and us1_0.activo
Hibernate: 
    select
        us1_0.id,
        us1_0.activo,
        us1_0.roles,
        us1_0.sede_id,
        us1_0.usuario_id 
    from
        shared.usuarios_sedes us1_0 
    where
        us1_0.usuario_id=? 
        and us1_0.activo
2026-04-29T07:18:35.561-05:00 DEBUG 65328 --- [sgi-backend] [nio-8080-exec-8] org.hibernate.SQL                        : 
    select
        s1_0.id,
        s1_0.activa,
        s1_0.updated_at,
        s1_0.ciudad,
        s1_0.codigo,
        s1_0.config,
        s1_0.created_at,
        s1_0.deleted_at,
        s1_0.departamento,
        s1_0.descripcion,
        s1_0.direccion,
        s1_0.email,
        s1_0.fecha_fundacion,
        s1_0.logo_url,
        s1_0.nombre,
        s1_0.pais,
        s1_0.schema_name,
        s1_0.telefono,
        s1_0.zona_horaria 
    from
        shared.sedes s1_0 
    where
        s1_0.id=? 
        and s1_0.activa
Hibernate: 
    select
        s1_0.id,
        s1_0.activa,
        s1_0.updated_at,
        s1_0.ciudad,
        s1_0.codigo,
        s1_0.config,
        s1_0.created_at,
        s1_0.deleted_at,
        s1_0.departamento,
        s1_0.descripcion,
        s1_0.direccion,
        s1_0.email,
        s1_0.fecha_fundacion,
        s1_0.logo_url,
        s1_0.nombre,
        s1_0.pais,
        s1_0.schema_name,
        s1_0.telefono,
        s1_0.zona_horaria 
    from
        shared.sedes s1_0 
    where
        s1_0.id=? 
        and s1_0.activa
2026-04-29T07:18:35.563-05:00 DEBUG 65328 --- [sgi-backend] [nio-8080-exec-8] org.hibernate.SQL                        : 
    select
        s1_0.id,
        s1_0.activa,
        s1_0.updated_at,
        s1_0.ciudad,
        s1_0.codigo,
        s1_0.config,
        s1_0.created_at,
        s1_0.deleted_at,
        s1_0.departamento,
        s1_0.descripcion,
        s1_0.direccion,
        s1_0.email,
        s1_0.fecha_fundacion,
        s1_0.logo_url,
        s1_0.nombre,
        s1_0.pais,
        s1_0.schema_name,
        s1_0.telefono,
        s1_0.zona_horaria 
    from
        shared.sedes s1_0 
    where
        s1_0.id=? 
        and s1_0.activa
Hibernate: 
    select
        s1_0.id,
        s1_0.activa,
        s1_0.updated_at,
        s1_0.ciudad,
        s1_0.codigo,
        s1_0.config,
        s1_0.created_at,
        s1_0.deleted_at,
        s1_0.departamento,
        s1_0.descripcion,
        s1_0.direccion,
        s1_0.email,
        s1_0.fecha_fundacion,
        s1_0.logo_url,
        s1_0.nombre,
        s1_0.pais,
        s1_0.schema_name,
        s1_0.telefono,
        s1_0.zona_horaria 
    from
        shared.sedes s1_0 
    where
        s1_0.id=? 
        and s1_0.activa
2026-04-29T07:18:35.565-05:00 DEBUG 65328 --- [sgi-backend] [nio-8080-exec-8] c.m.s.auth.service.RefreshTokenService   : Refresh token creado para usuario b2c3d4e5-f6a7-8901-bcde-f12345678901
2026-04-29T07:18:35.565-05:00  INFO 65328 --- [sgi-backend] [nio-8080-exec-8] c.m.s.auth.service.AuthService           : Login exitoso: admin@iglesiapaibog.com → sede PAI_BOG
2026-04-29T07:18:35.565-05:00 DEBUG 65328 --- [sgi-backend] [nio-8080-exec-8] org.hibernate.SQL                        : 
    insert 
    into
        shared.refresh_tokens
        (activo, created_at, dispositivo, expira_en, token_hash, usuario_id, id) 
    values
        (?, ?, ?, ?, ?, ?, ?)
Hibernate: 
    insert 
    into
        shared.refresh_tokens
        (activo, created_at, dispositivo, expira_en, token_hash, usuario_id, id) 
    values
        (?, ?, ?, ?, ?, ?, ?)
2026-04-29T07:18:35.601-05:00 DEBUG 65328 --- [sgi-backend] [nio-8080-exec-9] c.m.sgi_backend.security.JwtAuthFilter   : Schema de sede establecido: sede_pai_bog
2026-04-29T07:18:35.614-05:00 DEBUG 65328 --- [sgi-backend] [nio-8080-exec-9] org.hibernate.SQL                        : 
    select
        m1_0.id,
        m1_0.updated_at,
        m1_0.apellidos,
        m1_0.cedula,
        m1_0.ciudad,
        m1_0.consolidador_id,
        m1_0.created_at,
        m1_0.creado_por,
        m1_0.deleted_at,
        m1_0.direccion,
        m1_0.email,
        m1_0.estado,
        m1_0.estado_civil,
        m1_0.fecha_bautismo,
        m1_0.fecha_ingreso,
        m1_0.fecha_nacimiento,
        m1_0.foto_url,
        m1_0.genero,
        m1_0.grupo_id,
        m1_0.metadata,
        m1_0.nombres,
        m1_0.numero_miembro,
        m1_0.sede_id,
        m1_0.telefono,
        m1_0.usuario_id 
    from
        miembros m1_0 
    where
        m1_0.deleted_at is null 
    order by
        m1_0.apellidos,
        m1_0.nombres 
    fetch
        first ? rows only
Hibernate: 
    select
        m1_0.id,
        m1_0.updated_at,
        m1_0.apellidos,
        m1_0.cedula,
        m1_0.ciudad,
        m1_0.consolidador_id,
        m1_0.created_at,
        m1_0.creado_por,
        m1_0.deleted_at,
        m1_0.direccion,
        m1_0.email,
        m1_0.estado,
        m1_0.estado_civil,
        m1_0.fecha_bautismo,
        m1_0.fecha_ingreso,
        m1_0.fecha_nacimiento,
        m1_0.foto_url,
        m1_0.genero,
        m1_0.grupo_id,
        m1_0.metadata,
        m1_0.nombres,
        m1_0.numero_miembro,
        m1_0.sede_id,
        m1_0.telefono,
        m1_0.usuario_id 
    from
        miembros m1_0 
    where
        m1_0.deleted_at is null 
    order by
        m1_0.apellidos,
        m1_0.nombres 
    fetch
        first ? rows only
2026-04-29T07:19:25.137-05:00 DEBUG 65328 --- [sgi-backend] [nio-8080-exec-1] org.hibernate.SQL                        : 
    select
        us1_0.id,
        us1_0.activo,
        us1_0.updated_at,
        us1_0.apellido,
        us1_0.bloqueado_hasta,
        us1_0.created_at,
        us1_0.debe_cambiar_password,
        us1_0.email,
        us1_0.intentos_fallidos,
        us1_0.nombre,
        us1_0.password_hash,
        us1_0.super_admin,
        us1_0.telefono,
        us1_0.token_reset_expira,
        us1_0.token_reset_password,
        us1_0.ultimo_login,
        us1_0.username 
    from
        shared.usuarios_sistema us1_0 
    where
        upper(us1_0.email)=upper(?)
Hibernate: 
    select
        us1_0.id,
        us1_0.activo,
        us1_0.updated_at,
        us1_0.apellido,
        us1_0.bloqueado_hasta,
        us1_0.created_at,
        us1_0.debe_cambiar_password,
        us1_0.email,
        us1_0.intentos_fallidos,
        us1_0.nombre,
        us1_0.password_hash,
        us1_0.super_admin,
        us1_0.telefono,
        us1_0.token_reset_expira,
        us1_0.token_reset_password,
        us1_0.ultimo_login,
        us1_0.username 
    from
        shared.usuarios_sistema us1_0 
    where
        upper(us1_0.email)=upper(?)
2026-04-29T07:19:25.461-05:00 DEBUG 65328 --- [sgi-backend] [nio-8080-exec-1] org.hibernate.SQL                        : 
    update
        shared.usuarios_sistema us1_0 
    set
        intentos_fallidos=0,
        bloqueado_hasta=null,
        ultimo_login=? 
    where
        us1_0.id=?
Hibernate: 
    update
        shared.usuarios_sistema us1_0 
    set
        intentos_fallidos=0,
        bloqueado_hasta=null,
        ultimo_login=? 
    where
        us1_0.id=?
2026-04-29T07:19:25.464-05:00 DEBUG 65328 --- [sgi-backend] [nio-8080-exec-1] org.hibernate.SQL                        : 
    select
        us1_0.id,
        us1_0.activo,
        us1_0.roles,
        us1_0.sede_id,
        us1_0.usuario_id 
    from
        shared.usuarios_sedes us1_0 
    where
        us1_0.usuario_id=? 
        and us1_0.activo
Hibernate: 
    select
        us1_0.id,
        us1_0.activo,
        us1_0.roles,
        us1_0.sede_id,
        us1_0.usuario_id 
    from
        shared.usuarios_sedes us1_0 
    where
        us1_0.usuario_id=? 
        and us1_0.activo
2026-04-29T07:19:25.466-05:00 DEBUG 65328 --- [sgi-backend] [nio-8080-exec-1] org.hibernate.SQL                        : 
    select
        s1_0.id,
        s1_0.activa,
        s1_0.updated_at,
        s1_0.ciudad,
        s1_0.codigo,
        s1_0.config,
        s1_0.created_at,
        s1_0.deleted_at,
        s1_0.departamento,
        s1_0.descripcion,
        s1_0.direccion,
        s1_0.email,
        s1_0.fecha_fundacion,
        s1_0.logo_url,
        s1_0.nombre,
        s1_0.pais,
        s1_0.schema_name,
        s1_0.telefono,
        s1_0.zona_horaria 
    from
        shared.sedes s1_0 
    where
        s1_0.id=? 
        and s1_0.activa
Hibernate: 
    select
        s1_0.id,
        s1_0.activa,
        s1_0.updated_at,
        s1_0.ciudad,
        s1_0.codigo,
        s1_0.config,
        s1_0.created_at,
        s1_0.deleted_at,
        s1_0.departamento,
        s1_0.descripcion,
        s1_0.direccion,
        s1_0.email,
        s1_0.fecha_fundacion,
        s1_0.logo_url,
        s1_0.nombre,
        s1_0.pais,
        s1_0.schema_name,
        s1_0.telefono,
        s1_0.zona_horaria 
    from
        shared.sedes s1_0 
    where
        s1_0.id=? 
        and s1_0.activa
2026-04-29T07:19:25.469-05:00 DEBUG 65328 --- [sgi-backend] [nio-8080-exec-1] org.hibernate.SQL                        : 
    select
        s1_0.id,
        s1_0.activa,
        s1_0.updated_at,
        s1_0.ciudad,
        s1_0.codigo,
        s1_0.config,
        s1_0.created_at,
        s1_0.deleted_at,
        s1_0.departamento,
        s1_0.descripcion,
        s1_0.direccion,
        s1_0.email,
        s1_0.fecha_fundacion,
        s1_0.logo_url,
        s1_0.nombre,
        s1_0.pais,
        s1_0.schema_name,
        s1_0.telefono,
        s1_0.zona_horaria 
    from
        shared.sedes s1_0 
    where
        s1_0.id=? 
        and s1_0.activa
Hibernate: 
    select
        s1_0.id,
        s1_0.activa,
        s1_0.updated_at,
        s1_0.ciudad,
        s1_0.codigo,
        s1_0.config,
        s1_0.created_at,
        s1_0.deleted_at,
        s1_0.departamento,
        s1_0.descripcion,
        s1_0.direccion,
        s1_0.email,
        s1_0.fecha_fundacion,
        s1_0.logo_url,
        s1_0.nombre,
        s1_0.pais,
        s1_0.schema_name,
        s1_0.telefono,
        s1_0.zona_horaria 
    from
        shared.sedes s1_0 
    where
        s1_0.id=? 
        and s1_0.activa
2026-04-29T07:19:25.471-05:00 DEBUG 65328 --- [sgi-backend] [nio-8080-exec-1] c.m.s.auth.service.RefreshTokenService   : Refresh token creado para usuario b2c3d4e5-f6a7-8901-bcde-f12345678901
2026-04-29T07:19:25.471-05:00  INFO 65328 --- [sgi-backend] [nio-8080-exec-1] c.m.s.auth.service.AuthService           : Login exitoso: admin@iglesiapaibog.com → sede PAI_BOG
2026-04-29T07:19:25.473-05:00 DEBUG 65328 --- [sgi-backend] [nio-8080-exec-1] org.hibernate.SQL                        : 
    insert 
    into
        shared.refresh_tokens
        (activo, created_at, dispositivo, expira_en, token_hash, usuario_id, id) 
    values
        (?, ?, ?, ?, ?, ?, ?)
Hibernate: 
    insert 
    into
        shared.refresh_tokens
        (activo, created_at, dispositivo, expira_en, token_hash, usuario_id, id) 
    values
        (?, ?, ?, ?, ?, ?, ?)
2026-04-29T07:19:25.509-05:00 DEBUG 65328 --- [sgi-backend] [nio-8080-exec-4] c.m.sgi_backend.security.JwtAuthFilter   : Schema de sede establecido: sede_pai_bog
2026-04-29T07:19:25.514-05:00  INFO 65328 --- [sgi-backend] [nio-8080-exec-4] c.m.s.grupos.service.GrupoService        : [Grupos] Creado: Grupo Prueba Asignacion tipo=CELULA | sede=8f05fb2b-f081-444a-a03f-eb5a4e1a9afd
2026-04-29T07:19:25.520-05:00 DEBUG 65328 --- [sgi-backend] [nio-8080-exec-3] c.m.sgi_backend.security.JwtAuthFilter   : Schema de sede establecido: sede_pai_bog
2026-04-29T07:19:25.544-05:00  INFO 65328 --- [sgi-backend] [nio-8080-exec-3] c.m.s.grupos.service.GrupoService        : [Grupos] Miembro 8ed1abbd-7cb1-4442-b340-f6975ed4f902 asignado a grupo d4f69624-a122-4f4f-8fd9-66587efb773c con rol LIDER
2026-04-29T07:19:25.556-05:00 DEBUG 65328 --- [sgi-backend] [nio-8080-exec-2] c.m.sgi_backend.security.JwtAuthFilter   : Schema de sede establecido: sede_pai_bog
2026-04-29T07:19:25.563-05:00  INFO 65328 --- [sgi-backend] [nio-8080-exec-2] c.m.s.grupos.service.GrupoService        : [Grupos] Miembro cd337038-bd11-4949-af22-133b91ee0f00 asignado a grupo d4f69624-a122-4f4f-8fd9-66587efb773c con rol PARTICIPANTE
2026-04-29T07:19:25.569-05:00 DEBUG 65328 --- [sgi-backend] [nio-8080-exec-5] c.m.sgi_backend.security.JwtAuthFilter   : Schema de sede establecido: sede_pai_bog
2026-04-29T07:19:25.574-05:00 DEBUG 65328 --- [sgi-backend] [nio-8080-exec-5] c.m.s.exception.GlobalExceptionHandler   : IllegalArgumentException: El miembro ya está asignado a este grupo
2026-04-29T07:19:25.575-05:00  WARN 65328 --- [sgi-backend] [nio-8080-exec-5] .m.m.a.ExceptionHandlerExceptionResolver : Resolved [java.lang.IllegalArgumentException: El miembro ya está asignado a este grupo]
2026-04-29T07:19:25.592-05:00 DEBUG 65328 --- [sgi-backend] [nio-8080-exec-6] c.m.sgi_backend.security.JwtAuthFilter   : Schema de sede establecido: sede_pai_bog
2026-04-29T07:19:25.615-05:00 DEBUG 65328 --- [sgi-backend] [nio-8080-exec-7] c.m.sgi_backend.security.JwtAuthFilter   : Schema de sede establecido: sede_pai_bog
2026-04-29T07:19:25.622-05:00 DEBUG 65328 --- [sgi-backend] [nio-8080-exec-8] c.m.sgi_backend.security.JwtAuthFilter   : Schema de sede establecido: sede_pai_bog
2026-04-29T07:19:25.626-05:00  INFO 65328 --- [sgi-backend] [nio-8080-exec-8] c.m.s.grupos.service.GrupoService        : [Grupos] Miembro cd337038-bd11-4949-af22-133b91ee0f00 removido de grupo d4f69624-a122-4f4f-8fd9-66587efb773c
2026-04-29T07:19:25.630-05:00 DEBUG 65328 --- [sgi-backend] [nio-8080-exec-9] c.m.sgi_backend.security.JwtAuthFilter   : Schema de sede establecido: sede_pai_bog
2026-04-29T07:19:25.637-05:00 DEBUG 65328 --- [sgi-backend] [io-8080-exec-10] c.m.sgi_backend.security.JwtAuthFilter   : Schema de sede establecido: sede_pai_bog
2026-04-29T07:19:25.641-05:00  INFO 65328 --- [sgi-backend] [io-8080-exec-10] c.m.s.grupos.service.GrupoService        : [Grupos] Desactivado: d4f69624-a122-4f4f-8fd9-66587efb773c
2026-04-29T07:19:25.644-05:00 DEBUG 65328 --- [sgi-backend] [nio-8080-exec-1] c.m.sgi_backend.security.JwtAuthFilter   : Schema de sede establecido: sede_pai_bog
2026-04-29T07:19:25.649-05:00 DEBUG 65328 --- [sgi-backend] [nio-8080-exec-4] c.m.sgi_backend.security.JwtAuthFilter   : Schema de sede establecido: sede_pai_bog
